mode: set
github.com/d1str0/JAMS/server/boltdb.go:12.35,14.16 2 1
github.com/d1str0/JAMS/server/boltdb.go:17.2,18.18 2 1
github.com/d1str0/JAMS/server/boltdb.go:14.16,16.3 1 0
github.com/d1str0/JAMS/server/boltdb.go:21.45,22.48 1 1
github.com/d1str0/JAMS/server/boltdb.go:35.2,35.12 1 1
github.com/d1str0/JAMS/server/boltdb.go:22.48,24.17 2 1
github.com/d1str0/JAMS/server/boltdb.go:28.3,29.17 2 1
github.com/d1str0/JAMS/server/boltdb.go:32.3,33.36 2 1
github.com/d1str0/JAMS/server/boltdb.go:24.17,26.4 1 0
github.com/d1str0/JAMS/server/boltdb.go:29.17,31.4 1 0
github.com/d1str0/JAMS/server/message.go:7.64,10.2 2 0
github.com/d1str0/JAMS/server/server.go:16.13,21.2 3 0
github.com/d1str0/JAMS/server/server.go:23.20,26.16 3 0
github.com/d1str0/JAMS/server/server.go:30.2,42.8 10 0
github.com/d1str0/JAMS/server/server.go:26.16,29.3 2 0
github.com/d1str0/JAMS/server/server.go:45.58,49.2 3 0
github.com/d1str0/JAMS/server/server.go:51.58,55.2 3 0
github.com/d1str0/JAMS/server/server.go:57.57,61.2 3 0
github.com/d1str0/JAMS/server/user.go:16.41,18.2 1 0
github.com/d1str0/JAMS/server/user.go:20.34,22.16 2 1
github.com/d1str0/JAMS/server/user.go:27.2,27.10 1 1
github.com/d1str0/JAMS/server/user.go:22.16,25.3 2 0
github.com/d1str0/JAMS/server/user.go:30.61,33.2 2 0
github.com/d1str0/JAMS/server/auth.go:7.61,8.24 1 0
github.com/d1str0/JAMS/server/auth.go:14.2,15.8 2 0
github.com/d1str0/JAMS/server/auth.go:8.24,12.3 3 0
